<?xml version="1.0" encoding="UTF-8"?>
<!-- Generated by org.testng.reporters.JUnitXMLReporter -->
<testsuite ignored="0" hostname="DESKTOP-8S195GN" failures="0" tests="4" name="Login Tests" time="60.921" errors="0" timestamp="2026-03-29T23:01:45 IST">
  <testcase classname="com.imran.automation.tests.auth.LoginTest" name="verifyInvalidLogin" time="4.852"/>
  <testcase classname="com.imran.automation.tests.auth.LoginTest" name="verifyInvalidLogin" time="4.319"/>
  <testcase classname="com.imran.automation.tests.auth.LoginTest" name="verifySuccessfulLogout" time="12.437"/>
  <testcase classname="com.imran.automation.tests.auth.LoginTest" name="verifyValidLogin" time="4.563"/>
</testsuite> <!-- Login Tests -->
