<?xml version="1.0" encoding="UTF-8"?>
<testng-results ignored="0" total="4" passed="4" failed="0" skipped="0">
  <reporter-output>
  </reporter-output>
  <suite started-at="2026-03-29T23:00:44 IST" name="OrangeHRM Regression Suite" finished-at="2026-03-29T23:01:45 IST" duration-ms="60921">
    <groups>
    </groups>
    <test started-at="2026-03-29T23:00:44 IST" name="Login Tests" finished-at="2026-03-29T23:01:45 IST" duration-ms="60921">
      <class name="com.imran.automation.tests.auth.LoginTest">
        <test-method is-config="true" signature="setUp()[pri:0, instance:com.imran.automation.tests.auth.LoginTest@5542c4ed]" started-at="2026-03-29T23:00:44 IST" name="setUp" finished-at="2026-03-29T23:00:52 IST" duration-ms="8418" status="PASS">
          <reporter-output>
          </reporter-output>
        </test-method> <!-- setUp -->
        <test-method signature="verifyInvalidLogin(com.imran.automation.models.LoginTestData)[pri:0, instance:com.imran.automation.tests.auth.LoginTest@5542c4ed]" started-at="2026-03-29T23:00:52 IST" name="verifyInvalidLogin" description="Verify invalid login scenarios show the correct validation message." data-provider="invalidLoginData" finished-at="2026-03-29T23:00:57 IST" duration-ms="4852" status="PASS">
          <params>
            <param index="0">
              <value>
                <![CDATA[com.imran.automation.models.LoginTestData@4d23015c]]>
              </value>
            </param>
          </params>
          <reporter-output>
          </reporter-output>
        </test-method> <!-- verifyInvalidLogin -->
        <test-method is-config="true" signature="tearDown()[pri:0, instance:com.imran.automation.tests.auth.LoginTest@5542c4ed]" started-at="2026-03-29T23:00:57 IST" name="tearDown" finished-at="2026-03-29T23:00:58 IST" duration-ms="240" status="PASS">
          <reporter-output>
          </reporter-output>
        </test-method> <!-- tearDown -->
        <test-method is-config="true" signature="setUp()[pri:0, instance:com.imran.automation.tests.auth.LoginTest@5542c4ed]" started-at="2026-03-29T23:00:58 IST" name="setUp" finished-at="2026-03-29T23:01:04 IST" duration-ms="6153" status="PASS">
          <reporter-output>
          </reporter-output>
        </test-method> <!-- setUp -->
        <test-method signature="verifyInvalidLogin(com.imran.automation.models.LoginTestData)[pri:0, instance:com.imran.automation.tests.auth.LoginTest@5542c4ed]" started-at="2026-03-29T23:01:04 IST" name="verifyInvalidLogin" description="Verify invalid login scenarios show the correct validation message." data-provider="invalidLoginData" finished-at="2026-03-29T23:01:08 IST" duration-ms="4319" status="PASS">
          <params>
            <param index="0">
              <value>
                <![CDATA[com.imran.automation.models.LoginTestData@6a4ccef7]]>
              </value>
            </param>
          </params>
          <reporter-output>
          </reporter-output>
        </test-method> <!-- verifyInvalidLogin -->
        <test-method is-config="true" signature="tearDown()[pri:0, instance:com.imran.automation.tests.auth.LoginTest@5542c4ed]" started-at="2026-03-29T23:01:08 IST" name="tearDown" finished-at="2026-03-29T23:01:08 IST" duration-ms="193" status="PASS">
          <reporter-output>
          </reporter-output>
        </test-method> <!-- tearDown -->
        <test-method is-config="true" signature="setUp()[pri:0, instance:com.imran.automation.tests.auth.LoginTest@5542c4ed]" started-at="2026-03-29T23:01:08 IST" name="setUp" finished-at="2026-03-29T23:01:19 IST" duration-ms="10536" status="PASS">
          <reporter-output>
          </reporter-output>
        </test-method> <!-- setUp -->
        <test-method signature="verifySuccessfulLogout(com.imran.automation.models.LoginTestData)[pri:0, instance:com.imran.automation.tests.auth.LoginTest@5542c4ed]" started-at="2026-03-29T23:01:19 IST" name="verifySuccessfulLogout" description="Verify a logged-in OrangeHRM user can log out successfully." data-provider="validLoginData" finished-at="2026-03-29T23:01:31 IST" duration-ms="12437" status="PASS">
          <params>
            <param index="0">
              <value>
                <![CDATA[com.imran.automation.models.LoginTestData@2f5b8250]]>
              </value>
            </param>
          </params>
          <reporter-output>
          </reporter-output>
        </test-method> <!-- verifySuccessfulLogout -->
        <test-method is-config="true" signature="tearDown()[pri:0, instance:com.imran.automation.tests.auth.LoginTest@5542c4ed]" started-at="2026-03-29T23:01:31 IST" name="tearDown" finished-at="2026-03-29T23:01:31 IST" duration-ms="269" status="PASS">
          <reporter-output>
          </reporter-output>
        </test-method> <!-- tearDown -->
        <test-method is-config="true" signature="setUp()[pri:0, instance:com.imran.automation.tests.auth.LoginTest@5542c4ed]" started-at="2026-03-29T23:01:31 IST" name="setUp" finished-at="2026-03-29T23:01:40 IST" duration-ms="8319" status="PASS">
          <reporter-output>
          </reporter-output>
        </test-method> <!-- setUp -->
        <test-method signature="verifyValidLogin(com.imran.automation.models.LoginTestData)[pri:0, instance:com.imran.automation.tests.auth.LoginTest@5542c4ed]" started-at="2026-03-29T23:01:40 IST" name="verifyValidLogin" description="Verify valid OrangeHRM login using Page Factory and JSON test data." data-provider="validLoginData" finished-at="2026-03-29T23:01:44 IST" duration-ms="4563" status="PASS">
          <params>
            <param index="0">
              <value>
                <![CDATA[com.imran.automation.models.LoginTestData@67f77f6e]]>
              </value>
            </param>
          </params>
          <reporter-output>
          </reporter-output>
        </test-method> <!-- verifyValidLogin -->
        <test-method is-config="true" signature="tearDown()[pri:0, instance:com.imran.automation.tests.auth.LoginTest@5542c4ed]" started-at="2026-03-29T23:01:44 IST" name="tearDown" finished-at="2026-03-29T23:01:45 IST" duration-ms="208" status="PASS">
          <reporter-output>
          </reporter-output>
        </test-method> <!-- tearDown -->
      </class> <!-- com.imran.automation.tests.auth.LoginTest -->
    </test> <!-- Login Tests -->
  </suite> <!-- OrangeHRM Regression Suite -->
</testng-results>
