<?xml version="1.0" encoding="UTF-8"?>
<!-- Generated by org.testng.reporters.JUnitReportReporter -->
<testsuite hostname="DESKTOP-8S195GN" failures="0" tests="4" name="com.imran.automation.tests.auth.LoginTest" time="60.507" errors="0" timestamp="2026-03-29T23:01:46 IST" skipped="0">
  <testcase classname="com.imran.automation.tests.auth.LoginTest" name="verifyInvalidLogin" time="11.245"/>
  <testcase classname="com.imran.automation.tests.auth.LoginTest" name="verifyInvalidLogin" time="15.048"/>
  <testcase classname="com.imran.automation.tests.auth.LoginTest" name="verifySuccessfulLogout" time="21.025"/>
  <testcase classname="com.imran.automation.tests.auth.LoginTest" name="verifyValidLogin" time="13.189"/>
</testsuite> <!-- com.imran.automation.tests.auth.LoginTest -->
